2024-03-01 12:39:57,1.00000000000000,48.58471500000451,48.58471500000451,0.00000000000000
2024-03-01 12:39:58,1.00000000000000,48.64104999997653,48.64104999997653,0.00000000000000
2024-03-01 12:39:59,1.00000000000000,48.72570500004804,48.72570500004804,0.00000000000000
2024-03-01 12:40:00,1.00000000000000,48.84496800001943,48.84496800001943,0.00000000000000
2024-03-01 12:40:01,1.00000000000000,48.64776299998630,48.64776299998630,0.00000000000000
2024-03-01 12:40:02,1.00000000000000,48.49303999997210,48.49303999997210,0.00000000000000
2024-03-01 12:40:03,1.00000000000000,48.59051300003193,48.59051300003193,0.00000000000000
2024-03-01 12:40:04,1.00000000000000,48.58709499996621,48.58709499996621,0.00000000000000
2024-03-01 12:40:05,1.00000000000000,48.64452800003346,48.64452800003346,0.00000000000000
2024-03-01 12:40:06,1.00000000000000,48.73321299999952,48.73321299999952,0.00000000000000
2024-03-01 12:40:07,1.00000000000000,48.75079099996947,48.75079099996947,0.00000000000000
2024-03-01 12:40:08,1.00000000000000,48.72430100000929,48.72430100000929,0.00000000000000
2024-03-01 12:40:09,1.00000000000000,48.67590100003872,48.67590100003872,0.00000000000000
2024-03-01 12:40:10,1.00000000000000,48.75494199997047,48.75494199997047,0.00000000000000
2024-03-01 12:40:11,1.00000000000000,48.55614900001092,48.55614900001092,0.00000000000000
2024-03-01 12:40:12,1.00000000000000,48.52306999999564,48.52306999999564,0.00000000000000
2024-03-01 12:40:13,1.00000000000000,48.50555200001691,48.50555200001691,0.00000000000000
2024-03-01 12:40:14,1.00000000000000,48.51586699998006,48.51586699998006,0.00000000000000
2024-03-01 12:40:15,1.00000000000000,48.58001500001410,48.58001500001410,0.00000000000000
2024-03-01 12:40:16,1.00000000000000,48.56957799999509,48.56957799999509,0.00000000000000
2024-03-01 12:40:17,1.00000000000000,48.75701699999627,48.75701699999627,0.00000000000000
2024-03-01 12:40:18,1.00000000000000,48.72460600000340,48.72460600000340,0.00000000000000
2024-03-01 12:40:19,1.00000000000000,48.69195299997227,48.69195299997227,0.00000000000000
2024-03-01 12:40:20,1.00000000000000,48.66180100000929,48.66180100000929,0.00000000000000
2024-03-01 12:40:21,1.00000000000000,48.67565700004343,48.67565700004343,0.00000000000000
2024-03-01 12:40:22,1.00000000000000,48.69622599997092,48.69622599997092,0.00000000000000
2024-03-01 12:40:23,1.00000000000000,48.69958200003020,48.69958200003020,0.00000000000000
2024-03-01 12:40:24,1.00000000000000,48.68273699999554,48.68273699999554,0.00000000000000
2024-03-01 12:40:25,1.00000000000000,48.68340799998259,48.68340799998259,0.00000000000000
2024-03-01 12:40:26,1.00000000000000,48.70849300001282,48.70849300001282,0.00000000000000
2024-03-01 12:40:27,1.00000000000000,48.64831299998332,48.64831299998332,0.00000000000000
2024-03-01 12:40:28,1.00000000000000,48.67388700001175,48.67388700001175,0.00000000000000
2024-03-01 12:40:29,1.00000000000000,48.71252200001618,48.71252200001618,0.00000000000000
2024-03-01 12:40:30,1.00000000000000,48.65447700000368,48.65447700000368,0.00000000000000
2024-03-01 12:40:31,1.00000000000000,48.71905299997889,48.71905299997889,0.00000000000000
2024-03-01 12:40:32,1.00000000000000,48.66497500002151,48.66497500002151,0.00000000000000
2024-03-01 12:40:33,1.00000000000000,48.61858899996150,48.61858899996150,0.00000000000000
2024-03-01 12:40:34,1.00000000000000,48.53362800000468,48.53362800000468,0.00000000000000
2024-03-01 12:40:35,1.00000000000000,48.62536399997771,48.62536399997771,0.00000000000000
2024-03-01 12:40:36,1.00000000000000,48.56292500003474,48.56292500003474,0.00000000000000
2024-03-01 12:40:37,1.00000000000000,48.60198799998034,48.60198799998034,0.00000000000000
2024-03-01 12:40:38,1.00000000000000,48.55645400000503,48.55645400000503,0.00000000000000
2024-03-01 12:40:39,1.00000000000000,48.54376100003719,48.54376100003719,0.00000000000000
2024-03-01 12:40:40,1.00000000000000,48.59527299995534,48.59527299995534,0.00000000000000
2024-03-01 12:40:41,1.00000000000000,48.64514000003692,48.64514000003692,0.00000000000000
2024-03-01 12:40:42,1.00000000000000,48.67638799996348,48.67638799996348,0.00000000000000
2024-03-01 12:40:43,1.00000000000000,48.68798600003356,48.68798600003356,0.00000000000000
2024-03-01 12:40:44,1.00000000000000,48.79632299998775,48.79632299998775,0.00000000000000
2024-03-01 12:40:45,1.00000000000000,48.90209700004198,48.90209700004198,0.00000000000000
2024-03-01 12:40:46,1.00000000000000,48.81542599992827,48.81542599992827,0.00000000000000
2024-03-01 12:40:47,1.00000000000000,48.81579400005285,48.81579400005285,0.00000000000000
2024-03-01 12:40:48,1.00000000000000,48.84630999993533,48.84630999993533,0.00000000000000
2024-03-01 12:40:49,1.00000000000000,48.79150100005791,48.79150100005791,0.00000000000000
2024-03-01 12:40:50,1.00000000000000,48.72039499995299,48.72039499995299,0.00000000000000
2024-03-01 12:40:51,1.00000000000000,48.69036600005347,48.69036600005347,0.00000000000000
2024-03-01 12:40:52,1.00000000000000,48.60149899998214,48.60149899998214,0.00000000000000
2024-03-01 12:40:53,1.00000000000000,48.68481300002895,48.68481300002895,0.00000000000000
2024-03-01 12:40:54,1.00000000000000,48.61230099992827,48.61230099992827,0.00000000000000
2024-03-01 12:40:55,1.00000000000000,48.65313600003719,48.65313600003719,0.00000000000000
2024-03-01 12:40:56,1.00000000000000,48.68035500001861,48.68035500001861,0.00000000000000
2024-03-01 12:40:57,1.00000000000000,48.65820099995472,48.65820099995472,0.00000000000000
2024-03-01 12:40:58,1.00000000000000,48.67169000004651,48.67169000004651,0.00000000000000
2024-03-01 12:40:59,1.00000000000000,48.75310999999056,48.75310999999056,0.00000000000000
2024-03-01 12:41:00,1.00000000000000,48.95653899997706,48.95653899997706,0.00000000000000
2024-03-01 12:41:01,1.00000000000000,48.70764000003692,48.70764000003692,0.00000000000000
2024-03-01 12:41:02,1.00000000000000,48.70208399998955,48.70208399998955,0.00000000000000
2024-03-01 12:41:03,1.00000000000000,48.64495599997463,48.64495599997463,0.00000000000000
2024-03-01 12:41:04,1.00000000000000,48.67382600001292,48.67382600001292,0.00000000000000
2024-03-01 12:41:05,1.00000000000000,48.67455799999880,48.67455799999880,0.00000000000000
2024-03-01 12:41:06,1.00000000000000,48.69317299994873,48.69317299994873,0.00000000000000
2024-03-01 12:41:07,1.00000000000000,48.63885300001130,48.63885300001130,0.00000000000000
2024-03-01 12:41:08,1.00000000000000,48.72472800000105,48.72472800000105,0.00000000000000
2024-03-01 12:41:09,1.00000000000000,48.69427300000098,48.69427300000098,0.00000000000000
2024-03-01 12:41:10,1.00000000000000,48.62994200002868,48.62994200002868,0.00000000000000
2024-03-01 12:41:11,1.00000000000000,48.72167700005230,48.72167700005230,0.00000000000000
2024-03-01 12:41:12,1.00000000000000,48.71282599994447,48.71282599994447,0.00000000000000
2024-03-01 12:41:13,1.00000000000000,48.82421600003727,48.82421600003727,0.00000000000000
2024-03-01 12:41:14,1.00000000000000,48.72137299994938,48.72137299994938,0.00000000000000
2024-03-01 12:41:15,1.00000000000000,48.66064100002404,48.66064100002404,0.00000000000000
2024-03-01 12:41:16,1.00000000000000,48.56780800002161,48.56780800002161,0.00000000000000
2024-03-01 12:41:17,1.00000000000000,48.50713899999391,48.50713899999391,0.00000000000000
2024-03-01 12:41:18,1.00000000000000,48.59447999997064,48.59447999997064,0.00000000000000
2024-03-01 12:41:19,1.00000000000000,48.65612500003772,48.65612500003772,0.00000000000000
2024-03-01 12:41:20,1.00000000000000,48.64245400001528,48.64245400001528,0.00000000000000
2024-03-01 12:41:21,1.00000000000000,48.68267599993851,48.68267599993851,0.00000000000000
2024-03-01 12:41:22,1.00000000000000,48.60986000002595,48.60986000002595,0.00000000000000
2024-03-01 12:41:23,1.00000000000000,48.54614000004949,48.54614000004949,0.00000000000000
2024-03-01 12:41:24,1.00000000000000,48.58428800001275,48.58428800001275,0.00000000000000
2024-03-01 12:41:25,1.00000000000000,48.58837599994149,48.58837599994149,0.00000000000000
2024-03-01 12:41:26,1.00000000000000,48.55871399998432,48.55871399998432,0.00000000000000
2024-03-01 12:41:27,1.00000000000000,48.56640499999048,48.56640499999048,0.00000000000000
2024-03-01 12:41:28,1.00000000000000,48.58410300000105,48.58410300000105,0.00000000000000
2024-03-01 12:41:29,1.00000000000000,48.60888400004478,48.60888400004478,0.00000000000000
2024-03-01 12:41:30,1.00000000000000,48.54687399993418,48.54687399993418,0.00000000000000
2024-03-01 12:41:31,1.00000000000000,48.58111200004350,48.58111200004350,0.00000000000000
2024-03-01 12:41:32,1.00000000000000,48.55969100003131,48.55969100003131,0.00000000000000
2024-03-01 12:41:33,1.00000000000000,48.63165100000333,48.63165100000333,0.00000000000000
2024-03-01 12:41:34,1.00000000000000,48.59966700000223,48.59966700000223,0.00000000000000
2024-03-01 12:41:35,1.00000000000000,48.67803700000513,48.67803700000513,0.00000000000000
2024-03-01 12:41:36,1.00000000000000,48.68981699994765,48.68981699994765,0.00000000000000
2024-03-01 12:41:37,1.00000000000000,48.72112800000468,48.72112800000468,0.00000000000000
2024-03-01 12:41:38,1.00000000000000,48.84783600002993,48.84783600002993,0.00000000000000
2024-03-01 12:41:39,1.00000000000000,48.74554099998204,48.74554099998204,0.00000000000000
2024-03-01 12:41:40,1.00000000000000,48.78191899997182,48.78191899997182,0.00000000000000
2024-03-01 12:41:41,1.00000000000000,48.78863300004741,48.78863300004741,0.00000000000000
2024-03-01 12:41:42,1.00000000000000,48.80700299999444,48.80700299999444,0.00000000000000
2024-03-01 12:41:43,1.00000000000000,48.75671200000215,48.75671200000215,0.00000000000000
2024-03-01 12:41:44,1.00000000000000,48.78039299999364,48.78039299999364,0.00000000000000
2024-03-01 12:41:45,1.00000000000000,48.76763599994592,48.76763599994592,0.00000000000000
2024-03-01 12:41:46,1.00000000000000,48.77496100007556,48.77496100007556,0.00000000000000
2024-03-01 12:41:47,1.00000000000000,48.79125699994620,48.79125699994620,0.00000000000000
2024-03-01 12:41:48,1.00000000000000,48.75689399999101,48.75689399999101,0.00000000000000
2024-03-01 12:41:49,1.00000000000000,48.77740200003609,48.77740200003609,0.00000000000000
2024-03-01 12:41:50,1.00000000000000,48.81487800000468,48.81487800000468,0.00000000000000
2024-03-01 12:41:51,1.00000000000000,48.81164199998602,48.81164199998602,0.00000000000000
2024-03-01 12:41:52,1.00000000000000,48.79589600005420,48.79589600005420,0.00000000000000
2024-03-01 12:41:53,1.00000000000000,48.79577299993252,48.79577299993252,0.00000000000000
2024-03-01 12:41:54,1.00000000000000,48.73553200002061,48.73553200002061,0.00000000000000
2024-03-01 12:41:55,1.00000000000000,48.74688400002196,48.74688400002196,0.00000000000000
2024-03-01 12:41:56,1.00000000000000,48.88476299995091,48.88476299995091,0.00000000000000
2024-03-01 12:41:57,1.00000000000000,48.73376199998893,48.73376199998893,0.00000000000000
2024-03-01 12:41:58,1.00000000000000,48.84502900007647,48.84502900007647,0.00000000000000
2024-03-01 12:41:59,1.00000000000000,48.80974999995669,48.80974999995669,0.00000000000000
2024-03-01 12:42:00,1.00000000000000,49.04961799999001,49.04961799999001,0.00000000000000
2024-03-01 12:42:01,1.00000000000000,48.83776600001147,48.83776600001147,0.00000000000000
2024-03-01 12:42:02,1.00000000000000,48.79919099999825,48.79919099999825,0.00000000000000
2024-03-01 12:42:03,1.00000000000000,48.83581299998332,48.83581299998332,0.00000000000000
2024-03-01 12:42:04,1.00000000000000,48.84301499999128,48.84301499999128,0.00000000000000
2024-03-01 12:42:05,1.00000000000000,48.78106399998069,48.78106399998069,0.00000000000000
2024-03-01 12:42:06,1.00000000000000,48.74963000003481,48.74963000003481,0.00000000000000
2024-03-01 12:42:07,1.00000000000000,48.80047399998875,48.80047399998875,0.00000000000000
2024-03-01 12:42:08,1.00000000000000,48.78356600005645,48.78356600005645,0.00000000000000
2024-03-01 12:42:09,1.00000000000000,48.77166500000749,48.77166500000749,0.00000000000000
2024-03-01 12:42:10,1.00000000000000,48.60491799993906,48.60491799993906,0.00000000000000
2024-03-01 12:42:11,1.00000000000000,48.52563200006261,48.52563200006261,0.00000000000000
2024-03-01 12:42:12,1.00000000000000,48.55547899997327,48.55547899997327,0.00000000000000
2024-03-01 12:42:13,1.00000000000000,48.55224400002044,48.55224400002044,0.00000000000000
2024-03-01 12:42:14,1.00000000000000,48.59991300001275,48.59991300001275,0.00000000000000
2024-03-01 12:42:15,1.00000000000000,48.62200600001961,48.62200600001961,0.00000000000000
2024-03-01 12:42:16,1.00000000000000,48.53442199993879,48.53442199993879,0.00000000000000
2024-03-01 12:42:17,1.00000000000000,48.47131100005936,48.47131100005936,0.00000000000000
2024-03-01 12:42:18,1.00000000000000,48.50097399996594,48.50097399996594,0.00000000000000
2024-03-01 12:42:19,1.00000000000000,48.57781700004125,48.57781700004125,0.00000000000000
2024-03-01 12:42:20,1.00000000000000,48.55193899996812,48.55193899996812,0.00000000000000
2024-03-01 12:42:21,1.00000000000000,48.52416799997445,48.52416799997445,0.00000000000000
2024-03-01 12:42:22,1.00000000000000,48.54778800008353,48.54778800008353,0.00000000000000
2024-03-01 12:42:23,1.00000000000000,48.48016099992674,48.48016099992674,0.00000000000000
2024-03-01 12:42:24,1.00000000000000,48.48351800005184,48.48351800005184,0.00000000000000
2024-03-01 12:42:25,1.00000000000000,48.62237299996195,48.62237299996195,0.00000000000000
2024-03-01 12:42:26,1.00000000000000,48.55193900002632,48.55193900002632,0.00000000000000
2024-03-01 12:42:27,1.00000000000000,48.54290599998785,48.54290599998785,0.00000000000000
2024-03-01 12:42:28,1.00000000000000,48.59624899999471,48.59624899999471,0.00000000000000
2024-03-01 12:42:29,1.00000000000000,48.57995400001528,48.57995400001528,0.00000000000000
2024-03-01 12:42:30,1.00000000000000,48.54052500001853,48.54052500001853,0.00000000000000
2024-03-01 12:42:31,1.00000000000000,48.57574300002307,48.57574300002307,0.00000000000000
2024-03-01 12:42:32,1.00000000000000,48.59234299999662,48.59234299999662,0.00000000000000
2024-03-01 12:42:33,1.00000000000000,48.58929299993906,48.58929299993906,0.00000000000000
2024-03-01 12:42:34,1.00000000000000,48.62145700003020,48.62145700003020,0.00000000000000
2024-03-01 12:42:35,1.00000000000000,48.57647500000894,48.57647500000894,0.00000000000000
2024-03-01 12:42:36,1.00000000000000,48.63647199998377,48.63647199998377,0.00000000000000
2024-03-01 12:42:37,1.00000000000000,48.57024900004035,48.57024900004035,0.00000000000000
2024-03-01 12:42:38,1.00000000000000,48.56359699997120,48.56359699997120,0.00000000000000
2024-03-01 12:42:39,1.00000000000000,48.56640400004108,48.56640400004108,0.00000000000000
2024-03-01 12:42:40,1.00000000000000,48.62029699992854,48.62029699992854,0.00000000000000
2024-03-01 12:42:41,1.00000000000000,48.60461300006136,48.60461300006136,0.00000000000000
2024-03-01 12:42:42,1.00000000000000,48.54150099994149,48.54150099994149,0.00000000000000
2024-03-01 12:42:43,1.00000000000000,48.64733700000215,48.64733700000215,0.00000000000000
2024-03-01 12:42:44,1.00000000000000,48.58434800000396,48.58434800000396,0.00000000000000
2024-03-01 12:42:45,1.00000000000000,48.55938500002958,48.55938500002958,0.00000000000000
2024-03-01 12:42:46,1.00000000000000,48.57854999997653,48.57854999997653,0.00000000000000
2024-03-01 12:42:47,1.00000000000000,48.56860100000631,48.56860100000631,0.00000000000000
2024-03-01 12:42:48,1.00000000000000,48.57757399999537,48.57757399999537,0.00000000000000
2024-03-01 12:42:49,1.00000000000000,48.60210900002858,48.60210900002858,0.00000000000000
2024-03-01 12:42:50,1.00000000000000,48.76006800000323,48.76006800000323,0.00000000000000
2024-03-01 12:42:51,1.00000000000000,48.66064199997345,48.66064199997345,0.00000000000000
2024-03-01 12:42:52,1.00000000000000,48.65246300003491,48.65246300003491,0.00000000000000
2024-03-01 12:42:53,1.00000000000000,48.65423399995780,48.65423399995780,0.00000000000000
2024-03-01 12:42:54,1.00000000000000,48.57842800003709,48.57842800003709,0.00000000000000
2024-03-01 12:42:55,1.00000000000000,48.53271200001473,48.53271200001473,0.00000000000000
2024-03-01 12:42:56,1.00000000000000,48.55340399994748,48.55340399994748,0.00000000000000
2024-03-01 12:42:57,1.00000000000000,48.58007600001292,48.58007600001292,0.00000000000000
2024-03-01 12:42:58,1.00000000000000,48.55132800003048,48.55132800003048,0.00000000000000
2024-03-01 12:42:59,1.00000000000000,48.57647500000894,48.57647500000894,0.00000000000000
2024-03-01 12:43:00,1.00000000000000,48.79534599999897,48.79534599999897,0.00000000000000
2024-03-01 12:43:01,1.00000000000000,48.69781199994031,48.69781199994031,0.00000000000000
2024-03-01 12:43:02,1.00000000000000,48.65673600003356,48.65673600003356,0.00000000000000
2024-03-01 12:43:03,1.00000000000000,48.69000000000233,48.69000000000233,0.00000000000000
2024-03-01 12:43:04,1.00000000000000,48.63988999999128,48.63988999999128,0.00000000000000
2024-03-01 12:43:05,1.00000000000000,48.69665299996268,48.69665299996268,0.00000000000000
2024-03-01 12:43:06,1.00000000000000,48.56823500001337,48.56823500001337,0.00000000000000
2024-03-01 12:43:07,1.00000000000000,48.60943300003419,48.60943300003419,0.00000000000000
2024-03-01 12:43:08,1.00000000000000,48.58495899999980,48.58495899999980,0.00000000000000
2024-03-01 12:43:09,1.00000000000000,48.57159200002206,48.57159200002206,0.00000000000000
2024-03-01 12:43:10,1.00000000000000,48.60412399994675,48.60412399994675,0.00000000000000
2024-03-01 12:43:11,1.00000000000000,48.62475399998948,48.62475399998948,0.00000000000000
2024-03-01 12:43:12,1.00000000000000,48.59454000002006,48.59454000002006,0.00000000000000
2024-03-01 12:43:13,1.00000000000000,48.68645899998955,48.68645899998955,0.00000000000000
2024-03-01 12:43:14,1.00000000000000,48.70507599995472,48.70507599995472,0.00000000000000
2024-03-01 12:43:15,1.00000000000000,48.73034500004724,48.73034500004724,0.00000000000000
2024-03-01 12:43:16,1.00000000000000,48.67992799996864,48.67992799996864,0.00000000000000
2024-03-01 12:43:17,1.00000000000000,48.58355500001926,48.58355500001926,0.00000000000000
2024-03-01 12:43:18,1.00000000000000,48.49066000001039,48.49066000001039,0.00000000000000
2024-03-01 12:43:19,1.00000000000000,48.47601099999156,48.47601099999156,0.00000000000000
2024-03-01 12:43:20,1.00000000000000,48.51928400003817,48.51928400003817,0.00000000000000
2024-03-01 12:43:21,1.00000000000000,48.54247899993788,48.54247899993788,0.00000000000000
2024-03-01 12:43:22,1.00000000000000,48.56329200003529,48.56329200003529,0.00000000000000
2024-03-01 12:43:23,1.00000000000000,48.57037000003038,48.57037000003038,0.00000000000000
2024-03-01 12:43:24,1.00000000000000,48.57287499995437,48.57287499995437,0.00000000000000
2024-03-01 12:43:25,1.00000000000000,48.55077900004108,48.55077900004108,0.00000000000000
2024-03-01 12:43:26,1.00000000000000,48.56731799995760,48.56731799995760,0.00000000000000
2024-03-01 12:43:27,1.00000000000000,48.52654900000198,48.52654900000198,0.00000000000000
2024-03-01 12:43:28,1.00000000000000,48.50933700002497,48.50933700002497,0.00000000000000
2024-03-01 12:43:29,1.00000000000000,48.51293599995552,48.51293599995552,0.00000000000000
2024-03-01 12:43:30,1.00000000000000,48.50695700000506,48.50695700000506,0.00000000000000
2024-03-01 12:43:31,1.00000000000000,48.49065900000278,48.49065900000278,0.00000000000000
2024-03-01 12:43:32,1.00000000000000,48.53844999999274,48.53844999999274,0.00000000000000
2024-03-01 12:43:33,1.00000000000000,48.59771500003990,48.59771500003990,0.00000000000000
2024-03-01 12:43:34,1.00000000000000,48.67223899997771,48.67223899997771,0.00000000000000
2024-03-01 12:43:35,1.00000000000000,48.57024899998214,48.57024899998214,0.00000000000000
2024-03-01 12:43:36,1.00000000000000,48.51867500005756,48.51867500005756,0.00000000000000
2024-03-01 12:43:37,1.00000000000000,48.49035400000867,48.49035400000867,0.00000000000000
2024-03-01 12:43:38,1.00000000000000,48.53478699998232,48.53478699998232,0.00000000000000
2024-03-01 12:43:39,1.00000000000000,48.56634399999166,48.56634399999166,0.00000000000000
2024-03-01 12:43:40,1.00000000000000,48.54382000002079,48.54382000002079,0.00000000000000
2024-03-01 12:43:41,1.00000000000000,48.52038399997400,48.52038399997400,0.00000000000000
2024-03-01 12:43:42,1.00000000000000,48.55010799999582,48.55010799999582,0.00000000000000
2024-03-01 12:43:43,1.00000000000000,48.47534000000451,48.47534000000451,0.00000000000000
2024-03-01 12:43:44,1.00000000000000,48.53747300000396,48.53747300000396,0.00000000000000
2024-03-01 12:43:45,1.00000000000000,48.51647699996829,48.51647699996829,0.00000000000000
2024-03-01 12:43:46,1.00000000000000,48.53271300002234,48.53271300002234,0.00000000000000
2024-03-01 12:43:47,1.00000000000000,48.54314999998314,48.54314999998314,0.00000000000000
2024-03-01 12:43:48,1.00000000000000,48.57208000001265,48.57208000001265,0.00000000000000
2024-03-01 12:43:49,1.00000000000000,48.56994399998803,48.56994399998803,0.00000000000000
2024-03-01 12:43:50,1.00000000000000,48.69775099999970,48.69775099999970,0.00000000000000
2024-03-01 12:43:51,1.00000000000000,48.64892399997916,48.64892399997916,0.00000000000000
2024-03-01 12:43:52,1.00000000000000,48.64221000007819,48.64221000007819,0.00000000000000
2024-03-01 12:43:53,1.00000000000000,48.56328999996185,48.56328999996185,0.00000000000000
2024-03-01 12:43:54,1.00000000000000,48.71417000005022,48.71417000005022,0.00000000000000
2024-03-01 12:43:55,1.00000000000000,48.51769799995236,48.51769799995236,0.00000000000000
2024-03-01 12:43:56,1.00000000000000,48.58849799999734,48.58849799999734,0.00000000000000
2024-03-01 12:43:57,1.00000000000000,48.53045500000007,48.53045500000007,0.00000000000000
2024-03-01 12:43:58,1.00000000000000,48.53124800004298,48.53124800004298,0.00000000000000
2024-03-01 12:43:59,1.00000000000000,48.63048999995226,48.63048999995226,0.00000000000000
2024-03-01 12:44:00,1.00000000000000,48.82055400003446,48.82055400003446,0.00000000000000
2024-03-01 12:44:01,1.00000000000000,48.48669199994765,48.48669199994765,0.00000000000000
2024-03-01 12:44:02,1.00000000000000,48.57305700000143,48.57305700000143,0.00000000000000
2024-03-01 12:44:03,1.00000000000000,48.58532600005856,48.58532600005856,0.00000000000000
2024-03-01 12:44:04,1.00000000000000,48.58489699999336,48.58489699999336,0.00000000000000
2024-03-01 12:44:05,1.00000000000000,48.58257799997227,48.58257799997227,0.00000000000000
2024-03-01 12:44:06,1.00000000000000,48.58831500000088,48.58831500000088,0.00000000000000
2024-03-01 12:44:07,1.00000000000000,48.57287399994675,48.57287399994675,0.00000000000000
2024-03-01 12:44:08,1.00000000000000,48.55389200005447,48.55389200005447,0.00000000000000
2024-03-01 12:44:09,1.00000000000000,48.53246900002705,48.53246900002705,0.00000000000000
2024-03-01 12:44:10,1.00000000000000,48.63018499995815,48.63018499995815,0.00000000000000
2024-03-01 12:44:11,1.00000000000000,48.56731999997282,48.56731999997282,0.00000000000000
2024-03-01 12:44:12,1.00000000000000,48.54302800004371,48.54302800004371,0.00000000000000
2024-03-01 12:44:13,1.00000000000000,48.56896699999925,48.56896699999925,0.00000000000000
2024-03-01 12:44:14,1.00000000000000,48.59588300005998,48.59588300005998,0.00000000000000
2024-03-01 12:44:15,1.00000000000000,48.61651399999391,48.61651399999391,0.00000000000000
2024-03-01 12:44:16,1.00000000000000,48.52203200000804,48.52203200000804,0.00000000000000
2024-03-01 12:44:17,1.00000000000000,48.55736999993678,48.55736999993678,0.00000000000000
2024-03-01 12:44:18,1.00000000000000,48.62237400002778,48.62237400002778,0.00000000000000
2024-03-01 12:44:19,1.00000000000000,48.61547600000631,48.61547600000631,0.00000000000000
2024-03-01 12:44:20,1.00000000000000,48.54406600003131,48.54406600003131,0.00000000000000
2024-03-01 12:44:21,1.00000000000000,48.53307799994946,48.53307799994946,0.00000000000000
2024-03-01 12:44:22,1.00000000000000,48.56042300001718,48.56042300001718,0.00000000000000
2024-03-01 12:44:23,1.00000000000000,48.63543399999617,48.63543399999617,0.00000000000000
2024-03-01 12:44:24,1.00000000000000,48.60973899997771,48.60973899997771,0.00000000000000
2024-03-01 12:44:25,1.00000000000000,48.59777599998051,48.59777599998051,0.00000000000000
2024-03-01 12:44:26,1.00000000000000,48.50274500006344,48.50274500006344,0.00000000000000
2024-03-01 12:44:27,1.00000000000000,48.55633199994918,48.55633199994918,0.00000000000000
2024-03-01 12:44:28,1.00000000000000,48.58349500002805,48.58349500002805,0.00000000000000
2024-03-01 12:44:29,1.00000000000000,48.60278099996503,48.60278099996503,0.00000000000000
2024-03-01 12:44:30,1.00000000000000,48.60949400003301,48.60949400003301,0.00000000000000
2024-03-01 12:44:31,1.00000000000000,48.58495899999980,48.58495899999980,0.00000000000000
2024-03-01 12:44:32,1.00000000000000,48.47704899997916,48.47704899997916,0.00000000000000
2024-03-01 12:44:33,1.00000000000000,48.53002600005129,48.53002600005129,0.00000000000000
2024-03-01 12:44:34,1.00000000000000,48.53387299994938,48.53387299994938,0.00000000000000
2024-03-01 12:44:35,1.00000000000000,48.54845900001237,48.54845900001237,0.00000000000000
2024-03-01 12:44:36,1.00000000000000,48.54430999996839,48.54430999996839,0.00000000000000
2024-03-01 12:44:37,1.00000000000000,48.54205100005493,48.54205100005493,0.00000000000000
2024-03-01 12:44:38,1.00000000000000,48.47656099998858,48.47656099998858,0.00000000000000
2024-03-01 12:44:39,1.00000000000000,48.48241900000721,48.48241900000721,0.00000000000000
2024-03-01 12:44:40,1.00000000000000,48.48626499995589,48.48626499995589,0.00000000000000
2024-03-01 12:44:41,1.00000000000000,48.50152400007937,48.50152400007937,0.00000000000000
2024-03-01 12:44:42,1.00000000000000,48.47747599997092,48.47747599997092,0.00000000000000
2024-03-01 12:44:43,1.00000000000000,48.50457599997753,48.50457599997753,0.00000000000000
2024-03-01 12:44:44,1.00000000000000,48.42516899999464,48.42516899999464,0.00000000000000
2024-03-01 12:44:45,1.00000000000000,48.50317100004759,48.50317100004759,0.00000000000000
2024-03-01 12:44:46,1.00000000000000,48.58300599997165,48.58300599997165,0.00000000000000
2024-03-01 12:44:47,1.00000000000000,48.54571299999952,48.54571299999952,0.00000000000000
2024-03-01 12:44:48,1.00000000000000,48.62481400003890,48.62481400003890,0.00000000000000
2024-03-01 12:44:49,1.00000000000000,48.53454499994405,48.53454499994405,0.00000000000000
2024-03-01 12:44:50,1.00000000000000,48.56872300000396,48.56872300000396,0.00000000000000
2024-03-01 12:44:51,1.00000000000000,48.61675699998159,48.61675699998159,0.00000000000000
2024-03-01 12:44:52,1.00000000000000,48.56164400000125,48.56164400000125,0.00000000000000
2024-03-01 12:44:53,1.00000000000000,48.53759500000160,48.53759500000160,0.00000000000000
2024-03-01 12:44:54,1.00000000000000,48.60705300001428,48.60705300001428,0.00000000000000
2024-03-01 12:44:55,1.00000000000000,48.59478599997237,48.59478599997237,0.00000000000000
2024-03-01 12:44:56,1.00000000000000,48.51531799999066,48.51531799999066,0.00000000000000
2024-03-01 12:44:57,1.00000000000000,48.60088800004451,48.60088800004451,0.00000000000000
2024-03-01 12:44:58,1.00000000000000,48.56988299998920,48.56988299998920,0.00000000000000
2024-03-01 12:44:59,1.00000000000000,48.64269800001057,48.64269800001057,0.00000000000000
2024-03-01 12:45:00,1.00000000000000,48.88635000004433,48.88635000004433,0.00000000000000
2024-03-01 12:45:01,1.00000000000000,48.55938399996376,48.55938399996376,0.00000000000000
2024-03-01 12:45:02,1.00000000000000,48.50958000001265,48.50958000001265,0.00000000000000
2024-03-01 12:45:03,1.00000000000000,48.58685099997092,48.58685099997092,0.00000000000000
2024-03-01 12:45:04,1.00000000000000,48.56255900004180,48.56255900004180,0.00000000000000
2024-03-01 12:45:05,1.00000000000000,48.54638399998657,48.54638399998657,0.00000000000000
2024-03-01 12:45:06,1.00000000000000,48.52569400001084,48.52569400001084,0.00000000000000
2024-03-01 12:45:07,1.00000000000000,48.56664799997816,48.56664799997816,0.00000000000000
2024-03-01 12:45:08,1.00000000000000,48.54119600000558,48.54119600000558,0.00000000000000
2024-03-01 12:45:09,1.00000000000000,48.57000500004506,48.57000500004506,0.00000000000000
2024-03-01 12:45:10,1.00000000000000,48.55364799994277,48.55364799994277,0.00000000000000
2024-03-01 12:45:11,1.00000000000000,48.56329100002768,48.56329100002768,0.00000000000000
2024-03-01 12:45:12,1.00000000000000,48.54552900005365,48.54552900005365,0.00000000000000
2024-03-01 12:45:13,1.00000000000000,48.53759599995101,48.53759599995101,0.00000000000000
2024-03-01 12:45:14,1.00000000000000,48.62512000004062,48.62512000004062,0.00000000000000
2024-03-01 12:45:15,1.00000000000000,48.50103599997237,48.50103599997237,0.00000000000000
2024-03-01 12:45:16,1.00000000000000,48.56548799999291,48.56548799999291,0.00000000000000
2024-03-01 12:45:17,1.00000000000000,48.54430900001898,48.54430900001898,0.00000000000000
2024-03-01 12:45:18,1.00000000000000,48.55444199993508,48.55444199993508,0.00000000000000
2024-03-01 12:45:19,1.00000000000000,48.58935200003907,48.58935200003907,0.00000000000000
2024-03-01 12:45:20,1.00000000000000,48.58270100003574,48.58270100003574,0.00000000000000
2024-03-01 12:45:21,1.00000000000000,48.50982399994973,48.50982399994973,0.00000000000000
2024-03-01 12:45:22,1.00000000000000,48.58160200004932,48.58160200004932,0.00000000000000
2024-03-01 12:45:23,1.00000000000000,48.64098899997771,48.64098899997771,0.00000000000000
2024-03-01 12:45:24,1.00000000000000,48.65923799999291,48.65923799999291,0.00000000000000
2024-03-01 12:45:25,1.00000000000000,48.69970399996964,48.69970399996964,0.00000000000000
2024-03-01 12:45:26,1.00000000000000,48.62975900003221,48.62975900003221,0.00000000000000
2024-03-01 12:45:27,1.00000000000000,48.62176299997373,48.62176299997373,0.00000000000000
2024-03-01 12:45:28,1.00000000000000,48.55737100000260,48.55737100000260,0.00000000000000
2024-03-01 12:45:29,1.00000000000000,48.66729400004260,48.66729400004260,0.00000000000000
2024-03-01 12:45:30,1.00000000000000,48.66540299996268,48.66540299996268,0.00000000000000
2024-03-01 12:45:31,1.00000000000000,48.66961400001310,48.66961400001310,0.00000000000000
2024-03-01 12:45:32,1.00000000000000,48.65173100004904,48.65173100004904,0.00000000000000
2024-03-01 12:45:33,1.00000000000000,48.52709699992556,48.52709699992556,0.00000000000000
2024-03-01 12:45:34,1.00000000000000,48.64086799998768,48.64086799998768,0.00000000000000
2024-03-01 12:45:35,1.00000000000000,48.69659100007266,48.69659100007266,0.00000000000000
2024-03-01 12:45:36,1.00000000000000,48.65813999995589,48.65813999995589,0.00000000000000
2024-03-01 12:45:37,1.00000000000000,48.66119000001345,48.66119000001345,0.00000000000000
2024-03-01 12:45:38,1.00000000000000,48.63098000001628,48.63098000001628,0.00000000000000
2024-03-01 12:45:39,1.00000000000000,48.61944299994502,48.61944299994502,0.00000000000000
2024-03-01 12:45:40,1.00000000000000,48.68334800004959,48.68334800004959,0.00000000000000
2024-03-01 12:45:41,1.00000000000000,48.73595800000476,48.73595800000476,0.00000000000000
2024-03-01 12:45:42,1.00000000000000,48.55535700003384,48.55535700003384,0.00000000000000
2024-03-01 12:45:43,1.00000000000000,48.64611599995987,48.64611599995987,0.00000000000000
2024-03-01 12:45:44,1.00000000000000,48.66753899998730,48.66753899998730,0.00000000000000
2024-03-01 12:45:45,1.00000000000000,48.52502200001618,48.52502200001618,0.00000000000000
2024-03-01 12:45:46,1.00000000000000,48.54638499999419,48.54638499999419,0.00000000000000
2024-03-01 12:45:47,1.00000000000000,48.60278000001563,48.60278000001563,0.00000000000000
2024-03-01 12:45:48,1.00000000000000,48.57464399997843,48.57464399997843,0.00000000000000
2024-03-01 12:45:49,1.00000000000000,48.61431599996286,48.61431599996286,0.00000000000000
2024-03-01 12:45:50,1.00000000000000,48.66656300006434,48.66656300006434,0.00000000000000
2024-03-01 12:45:51,1.00000000000000,48.55352600000333,48.55352600000333,0.00000000000000
2024-03-01 12:45:52,1.00000000000000,48.56115500000305,48.56115500000305,0.00000000000000
2024-03-01 12:45:53,1.00000000000000,48.59496799996123,48.59496799996123,0.00000000000000
2024-03-01 12:45:54,1.00000000000000,48.57440000004135,48.57440000004135,0.00000000000000
2024-03-01 12:45:55,1.00000000000000,48.53356599994004,48.53356599994004,0.00000000000000
2024-03-01 12:45:56,1.00000000000000,48.52471800002968,48.52471800002968,0.00000000000000
2024-03-01 12:45:57,1.00000000000000,48.50298799999291,48.50298799999291,0.00000000000000
2024-03-01 12:45:58,1.00000000000000,48.66882100002840,48.66882100002840,0.00000000000000
2024-03-01 12:45:59,1.00000000000000,48.60430699994322,48.60430699994322,0.00000000000000
2024-03-01 12:46:00,1.00000000000000,48.85754000005545,48.85754000005545,0.00000000000000
2024-03-01 12:46:01,1.00000000000000,48.58770599996205,48.58770599996205,0.00000000000000
2024-03-01 12:46:02,1.00000000000000,48.60632099997019,48.60632099997019,0.00000000000000
2024-03-01 12:46:03,1.00000000000000,48.55029100005049,48.55029100005049,0.00000000000000
2024-03-01 12:46:04,1.00000000000000,48.65209700004198,48.65209700004198,0.00000000000000
2024-03-01 12:46:05,1.00000000000000,48.66332799999509,48.66332799999509,0.00000000000000
2024-03-01 12:46:06,1.00000000000000,48.66619600000558,48.66619600000558,0.00000000000000
2024-03-01 12:46:07,1.00000000000000,48.59026899997843,48.59026899997843,0.00000000000000
2024-03-01 12:46:08,1.00000000000000,48.57201899995562,48.57201899995562,0.00000000000000
2024-03-01 12:46:09,1.00000000000000,48.47283800004516,48.47283800004516,0.00000000000000
2024-03-01 12:46:10,1.00000000000000,48.45513700001175,48.45513700001175,0.00000000000000
2024-03-01 12:46:11,1.00000000000000,48.49120899999980,48.49120899999980,0.00000000000000
2024-03-01 12:46:12,1.00000000000000,48.55163400003221,48.55163400003221,0.00000000000000
2024-03-01 12:46:13,1.00000000000000,48.51171599997906,48.51171599997906,0.00000000000000
2024-03-01 12:46:14,1.00000000000000,48.56701500003692,48.56701500003692,0.00000000000000
2024-03-01 12:46:15,1.00000000000000,48.65716299996711,48.65716299996711,0.00000000000000
2024-03-01 12:46:16,1.00000000000000,48.53564200003166,48.53564200003166,0.00000000000000
2024-03-01 12:46:17,1.00000000000000,48.55242699995870,48.55242699995870,0.00000000000000
2024-03-01 12:46:18,1.00000000000000,48.52245899999980,48.52245899999980,0.00000000000000
2024-03-01 12:46:19,1.00000000000000,48.56933300005039,48.56933300005039,0.00000000000000
2024-03-01 12:46:20,1.00000000000000,48.53460499993525,48.53460499993525,0.00000000000000
2024-03-01 12:46:21,1.00000000000000,48.54870400007349,48.54870400007349,0.00000000000000
2024-03-01 12:46:22,1.00000000000000,48.49456599995028,48.49456599995028,0.00000000000000
2024-03-01 12:46:23,1.00000000000000,48.49303899996448,48.49303899996448,0.00000000000000
2024-03-01 12:46:24,1.00000000000000,48.54308900004253,48.54308900004253,0.00000000000000
2024-03-01 12:46:25,1.00000000000000,48.63140700000804,48.63140700000804,0.00000000000000
2024-03-01 12:46:26,1.00000000000000,48.53283399995416,48.53283399995416,0.00000000000000
2024-03-01 12:46:27,1.00000000000000,48.53454400005285,48.53454400005285,0.00000000000000
2024-03-01 12:46:28,1.00000000000000,48.48205400002189,48.48205400002189,0.00000000000000
2024-03-01 12:46:29,1.00000000000000,48.55083899991587,48.55083899991587,0.00000000000000
2024-03-01 12:46:30,1.00000000000000,48.55663900007494,48.55663900007494,0.00000000000000
2024-03-01 12:46:31,1.00000000000000,48.54522499995073,48.54522499995073,0.00000000000000
2024-03-01 12:46:32,1.00000000000000,48.54571299999952,48.54571299999952,0.00000000000000
2024-03-01 12:46:33,1.00000000000000,48.55120699998224,48.55120699998224,0.00000000000000
2024-03-01 12:46:34,1.00000000000000,48.47295900003519,48.47295900003519,0.00000000000000
2024-03-01 12:46:35,1.00000000000000,48.54845900001237,48.54845900001237,0.00000000000000
2024-03-01 12:46:36,1.00000000000000,48.55285499995807,48.55285499995807,0.00000000000000
2024-03-01 12:46:37,1.00000000000000,48.59258799999952,48.59258799999952,0.00000000000000
2024-03-01 12:46:38,1.00000000000000,48.59850800002459,48.59850800002459,0.00000000000000
2024-03-01 12:46:39,1.00000000000000,48.55468599998858,48.55468599998858,0.00000000000000
2024-03-01 12:46:40,1.00000000000000,48.57836599997245,48.57836599997245,0.00000000000000
2024-03-01 12:46:41,1.00000000000000,48.48461700003827,48.48461700003827,0.00000000000000
2024-03-01 12:46:42,1.00000000000000,48.51965199998813,48.51965199998813,0.00000000000000
2024-03-01 12:46:43,1.00000000000000,48.54510300001130,48.54510300001130,0.00000000000000
2024-03-01 12:46:44,1.00000000000000,48.55114400002640,48.55114400002640,0.00000000000000
2024-03-01 12:46:45,1.00000000000000,48.57055499998387,48.57055499998387,0.00000000000000
2024-03-01 12:46:46,1.00000000000000,48.50262199999997,48.50262199999997,0.00000000000000
2024-03-01 12:46:47,1.00000000000000,48.58733999996912,48.58733999996912,0.00000000000000
2024-03-01 12:46:48,1.00000000000000,48.63592200004496,48.63592200004496,0.00000000000000
2024-03-01 12:46:49,1.00000000000000,48.58862100000260,48.58862100000260,0.00000000000000
2024-03-01 12:46:50,1.00000000000000,48.60589399997843,48.60589399997843,0.00000000000000
2024-03-01 12:46:51,1.00000000000000,48.62548500002595,48.62548500002595,0.00000000000000
2024-03-01 12:46:52,1.00000000000000,48.49871700000949,48.49871700000949,0.00000000000000
2024-03-01 12:46:53,1.00000000000000,48.60082699998748,48.60082699998748,0.00000000000000
2024-03-01 12:46:54,1.00000000000000,48.63799900002778,48.63799900002778,0.00000000000000
2024-03-01 12:46:55,1.00000000000000,48.52917200000957,48.52917200000957,0.00000000000000
2024-03-01 12:46:56,1.00000000000000,48.65105999994557,48.65105999994557,0.00000000000000
2024-03-01 12:46:57,1.00000000000000,48.63793700002134,48.63793700002134,0.00000000000000
2024-03-01 12:46:58,1.00000000000000,48.60967799997889,48.60967799997889,0.00000000000000
2024-03-01 12:46:59,1.00000000000000,48.59374800004298,48.59374800004298,0.00000000000000
2024-03-01 12:47:00,1.00000000000000,48.83935299993027,48.83935299993027,0.00000000000000
2024-03-01 12:47:01,1.00000000000000,48.70647900004406,48.70647900004406,0.00000000000000
2024-03-01 12:47:02,1.00000000000000,48.64001199998893,48.64001199998893,0.00000000000000
2024-03-01 12:47:03,1.00000000000000,48.66375499998685,48.66375499998685,0.00000000000000
2024-03-01 12:47:04,1.00000000000000,48.60558900004253,48.60558900004253,0.00000000000000
2024-03-01 12:47:05,1.00000000000000,48.66552499996033,48.66552499996033,0.00000000000000
2024-03-01 12:47:06,1.00000000000000,48.73644700006116,48.73644700006116,0.00000000000000
2024-03-01 12:47:07,1.00000000000000,48.68114999996033,48.68114999996033,0.00000000000000
2024-03-01 12:47:08,1.00000000000000,48.73077099997317,48.73077099997317,0.00000000000000
2024-03-01 12:47:09,1.00000000000000,48.61114300001645,48.61114300001645,0.00000000000000
2024-03-01 12:47:10,1.00000000000000,48.69585899997037,48.69585899997037,0.00000000000000
2024-03-01 12:47:11,1.00000000000000,48.57738999999128,48.57738999999128,0.00000000000000
2024-03-01 12:47:12,1.00000000000000,48.55297600000631,48.55297600000631,0.00000000000000
2024-03-01 12:47:13,1.00000000000000,48.54327200003900,48.54327200003900,0.00000000000000
2024-03-01 12:47:14,1.00000000000000,48.59643400000641,48.59643400000641,0.00000000000000
2024-03-01 12:47:15,1.00000000000000,48.59704299998702,48.59704299998702,0.00000000000000
2024-03-01 12:47:16,1.00000000000000,48.57885499997064,48.57885499997064,0.00000000000000
2024-03-01 12:47:17,1.00000000000000,48.44946100004017,48.44946100004017,0.00000000000000
2024-03-01 12:47:18,1.00000000000000,48.55224400002044,48.55224400002044,0.00000000000000
2024-03-01 12:47:19,1.00000000000000,48.55346399999689,48.55346399999689,0.00000000000000
2024-03-01 12:47:20,1.00000000000000,48.53490999998758,48.53490999998758,0.00000000000000
2024-03-01 12:47:21,1.00000000000000,48.54485899995780,48.54485899995780,0.00000000000000
2024-03-01 12:47:22,1.00000000000000,48.56469500006642,48.56469500006642,0.00000000000000
2024-03-01 12:47:23,1.00000000000000,48.56878399994457,48.56878399994457,0.00000000000000
2024-03-01 12:47:24,1.00000000000000,48.57690300000831,48.57690300000831,0.00000000000000
2024-03-01 12:47:25,1.00000000000000,48.63097800000105,48.63097800000105,0.00000000000000
2024-03-01 12:47:26,1.00000000000000,48.59814299998106,48.59814299998106,0.00000000000000
2024-03-01 12:47:27,1.00000000000000,48.58697300002677,48.58697300002677,0.00000000000000
2024-03-01 12:47:28,1.00000000000000,48.67882999998983,48.67882999998983,0.00000000000000
2024-03-01 12:47:29,1.00000000000000,48.53417699999409,48.53417699999409,0.00000000000000
2024-03-01 12:47:30,1.00000000000000,48.52856300002895,48.52856300002895,0.00000000000000
2024-03-01 12:47:31,1.00000000000000,48.52813400002196,48.52813400002196,0.00000000000000
2024-03-01 12:47:32,1.00000000000000,48.52599999995437,48.52599999995437,0.00000000000000
2024-03-01 12:47:33,1.00000000000000,48.52496100001736,48.52496100001736,0.00000000000000
2024-03-01 12:47:34,1.00000000000000,48.58410399995046,48.58410399995046,0.00000000000000
2024-03-01 12:47:35,1.00000000000000,48.51794200006407,48.51794200006407,0.00000000000000
2024-03-01 12:47:36,1.00000000000000,48.63342099997681,48.63342099997681,0.00000000000000
2024-03-01 12:47:37,1.00000000000000,48.60748000000603,48.60748000000603,0.00000000000000
2024-03-01 12:47:38,1.00000000000000,48.60491699998965,48.60491699998965,0.00000000000000
2024-03-01 12:47:39,1.00000000000000,48.59679999999935,48.59679999999935,0.00000000000000
2024-03-01 12:47:40,1.00000000000000,48.59582200000295,48.59582200000295,0.00000000000000
2024-03-01 12:47:41,1.00000000000000,48.46105799998622,48.46105799998622,0.00000000000000
2024-03-01 12:47:42,1.00000000000000,48.54760499997064,48.54760499997064,0.00000000000000
2024-03-01 12:47:43,1.00000000000000,48.50518500001635,48.50518500001635,0.00000000000000
2024-03-01 12:47:44,1.00000000000000,48.56103400001302,48.56103400001302,0.00000000000000
2024-03-01 12:47:45,1.00000000000000,48.54998599993996,48.54998599993996,0.00000000000000
2024-03-01 12:47:46,1.00000000000000,48.54436900001019,48.54436900001019,0.00000000000000
2024-03-01 12:47:47,1.00000000000000,48.51928500004578,48.51928500004578,0.00000000000000
2024-03-01 12:47:48,1.00000000000000,48.50835899997037,48.50835899997037,0.00000000000000
2024-03-01 12:47:49,1.00000000000000,48.55132800003048,48.55132800003048,0.00000000000000
2024-03-01 12:47:50,1.00000000000000,48.56738100002985,48.56738100002985,0.00000000000000
2024-03-01 12:47:51,0.99500000000000,48.03222599998116,48.03222599998116,0.00000000000000
2024-03-01 12:47:52,1.00000000000000,48.78442099993117,48.78442099993117,0.00000000000000
2024-03-01 12:47:53,1.00000000000000,48.62768300005700,48.62768300005700,0.00000000000000
2024-03-01 12:47:54,1.00000000000000,48.59356399998069,48.59356399998069,0.00000000000000
2024-03-01 12:47:55,1.00000000000000,48.74322300002677,48.74322300002677,0.00000000000000
2024-03-01 12:47:56,1.00000000000000,48.79040200001327,48.79040200001327,0.00000000000000
2024-03-01 12:47:57,1.00000000000000,48.75713899999391,48.75713899999391,0.00000000000000
2024-03-01 12:47:58,1.00000000000000,48.80492899997626,48.80492899997626,0.00000000000000
2024-03-01 12:47:59,1.00000000000000,48.70861500001047,48.70861500001047,0.00000000000000
2024-03-01 12:48:00,1.00000000000000,48.89934999996331,48.89934999996331,0.00000000000000
2024-03-01 12:48:01,1.00000000000000,48.63995199993951,48.63995199993951,0.00000000000000
2024-03-01 12:48:02,1.00000000000000,48.57568000000902,48.57568000000902,0.00000000000000
2024-03-01 12:48:03,1.00000000000000,48.62939300003927,48.62939300003927,0.00000000000000
2024-03-01 12:48:04,1.00000000000000,48.63201699999627,48.63201699999627,0.00000000000000
2024-03-01 12:48:05,1.00000000000000,48.63805800001137,48.63805800001137,0.00000000000000
2024-03-01 12:48:06,1.00000000000000,48.65600399998948,48.65600399998948,0.00000000000000
2024-03-01 12:48:07,1.00000000000000,48.57549900002778,48.57549900002778,0.00000000000000
2024-03-01 12:48:08,1.00000000000000,48.60137699998450,48.60137699998450,0.00000000000000
2024-03-01 12:48:09,1.00000000000000,48.64086599997245,48.64086599997245,0.00000000000000
2024-03-01 12:48:10,1.00000000000000,48.64703200000804,48.64703200000804,0.00000000000000
2024-03-01 12:48:11,1.00000000000000,48.61993100005202,48.61993100005202,0.00000000000000
2024-03-01 12:48:12,1.00000000000000,48.57452099997317,48.57452099997317,0.00000000000000
2024-03-01 12:48:13,1.00000000000000,48.62969699996756,48.62969699996756,0.00000000000000
2024-03-01 12:48:14,1.00000000000000,48.63268799998332,48.63268799998332,0.00000000000000
2024-03-01 12:48:15,1.00000000000000,48.59417400002712,48.59417400002712,0.00000000000000
2024-03-01 12:48:16,1.00000000000000,48.61791799997445,48.61791799997445,0.00000000000000
